[debug] [2019-12-04T10:46:27.295Z] ----------------------------------------------------------------------
[debug] [2019-12-04T10:46:27.298Z] Command:       C:\Program Files\nodejs\node.exe C:\Users\kiril.dobrev\AppData\Roaming\npm\node_modules\firebase-tools\lib\bin\firebase.js serve --only functions
[debug] [2019-12-04T10:46:27.298Z] CLI Version:   7.7.0
[debug] [2019-12-04T10:46:27.298Z] Platform:      win32
[debug] [2019-12-04T10:46:27.298Z] Node Version:  v8.12.0
[debug] [2019-12-04T10:46:27.299Z] Time:          Wed Dec 04 2019 12:46:27 GMT+0200 (FLE Standard Time)
[debug] [2019-12-04T10:46:27.299Z] ----------------------------------------------------------------------
[debug] [2019-12-04T10:46:27.299Z] 
[debug] [2019-12-04T10:46:27.307Z] > command requires scopes: ["email","openid","https://www.googleapis.com/auth/cloudplatformprojects.readonly","https://www.googleapis.com/auth/firebase","https://www.googleapis.com/auth/cloud-platform"]
[debug] [2019-12-04T10:46:27.308Z] > authorizing via signed-in user
[debug] [2019-12-04T10:46:27.308Z] [iam] checking project meme-generator-e6065 for permissions ["firebase.projects.get"]
[debug] [2019-12-04T10:46:27.310Z] > refreshing access token with scopes: ["email","https://www.googleapis.com/auth/cloud-platform","https://www.googleapis.com/auth/cloudplatformprojects.readonly","https://www.googleapis.com/auth/firebase","openid"]
[debug] [2019-12-04T10:46:27.310Z] >>> HTTP REQUEST POST https://www.googleapis.com/oauth2/v3/token  
 <request body omitted>
[debug] [2019-12-04T10:46:28.915Z] <<< HTTP RESPONSE 200
[debug] [2019-12-04T10:46:28.925Z] >>> HTTP REQUEST POST https://cloudresourcemanager.googleapis.com/v1/projects/meme-generator-e6065:testIamPermissions  

[debug] [2019-12-04T10:46:29.838Z] <<< HTTP RESPONSE 200
[debug] [2019-12-04T10:46:29.839Z] >>> HTTP REQUEST GET https://firebase.googleapis.com/v1beta1/projects/meme-generator-e6065  
 
[debug] [2019-12-04T10:46:30.281Z] <<< HTTP RESPONSE 200
[info] +  functions: Using node@8 from host.
[info] +  functions: Emulator started at http://localhost:5000
[info] i  functions: Watching "C:\TFS\MemeGenerator\functions" for Cloud Functions...
[debug] [2019-12-04T10:46:31.804Z] [worker-~diagnostic~-3b01c860-f679-4fd1-84d1-585a3eae1ead]: BUSY
